<?xml version="1.0" encoding="UTF-8"?>
<!-- Generated by org.testng.reporters.JUnitReportReporter -->
<testsuite hostname="HYDHTC328780L" failures="0" tests="1" name="demoPackage.DemoClass" time="8.419" errors="0" timestamp="14 Oct 2020 11:21:56 GMT" skipped="0">
  <testcase classname="demoPackage.DemoClass" name="method1" time="8.419"/>
</testsuite> <!-- demoPackage.DemoClass -->
